2025-10-12 11:53:06,593 INFO o.a.j.u.JMeterUtils: Setting Locale to en_EN
2025-10-12 11:53:06,610 INFO o.a.j.JMeter: Loading user properties from: user.properties
2025-10-12 11:53:06,610 INFO o.a.j.JMeter: Loading system properties from: system.properties
2025-10-12 11:53:06,614 INFO o.a.j.JMeter: Copyright (c) 1998-2024 The Apache Software Foundation
2025-10-12 11:53:06,614 INFO o.a.j.JMeter: Version 5.6.3
2025-10-12 11:53:06,615 INFO o.a.j.JMeter: java.version=21.0.1
2025-10-12 11:53:06,615 INFO o.a.j.JMeter: java.vm.name=Java HotSpot(TM) 64-Bit Server VM
2025-10-12 11:53:06,615 INFO o.a.j.JMeter: os.name=Windows 11
2025-10-12 11:53:06,615 INFO o.a.j.JMeter: os.arch=amd64
2025-10-12 11:53:06,615 INFO o.a.j.JMeter: os.version=10.0
2025-10-12 11:53:06,620 INFO o.a.j.JMeter: file.encoding=UTF-8
2025-10-12 11:53:06,620 INFO o.a.j.JMeter: java.awt.headless=null
2025-10-12 11:53:06,620 INFO o.a.j.JMeter: Max memory     =1073741824
2025-10-12 11:53:06,620 INFO o.a.j.JMeter: Available Processors =8
2025-10-12 11:53:06,627 INFO o.a.j.JMeter: Default Locale=English (EN)
2025-10-12 11:53:06,627 INFO o.a.j.JMeter: JMeter  Locale=English (EN)
2025-10-12 11:53:06,627 INFO o.a.j.JMeter: JMeterHome=C:\Users\User\Desktop\SE_Project\realtime-collaborative-code-editor\apache-jmeter-5.6.3
2025-10-12 11:53:06,627 INFO o.a.j.JMeter: user.dir  =C:\Users\User\Desktop\SE_Project\realtime-collaborative-code-editor\apache-jmeter-5.6.3\bin
2025-10-12 11:53:06,627 INFO o.a.j.JMeter: PWD       =C:\Users\User\Desktop\SE_Project\realtime-collaborative-code-editor\apache-jmeter-5.6.3\bin
2025-10-12 11:53:06,632 INFO o.a.j.JMeter: IP: 10.10.11.251 Name: SukithanTDell FullName: 10.10.11.251
